[17:24:01] [ServerMain/INFO]: Environment: Environment[sessionHost=https://sessionserver.mojang.com, servicesHost=https://api.minecraftservices.com, name=PROD]
[17:24:06] [ServerMain/INFO]: Loaded 1290 recipes
[17:24:07] [ServerMain/INFO]: Loaded 1399 advancements
[17:24:08] [Server thread/INFO]: Starting minecraft server version 1.21.1
[17:24:08] [Server thread/INFO]: Loading properties
[17:24:08] [Server thread/INFO]: Default game type: SURVIVAL
[17:24:08] [Server thread/INFO]: Generating keypair
[17:24:08] [Server thread/INFO]: Starting Minecraft server on *:25565
[17:24:09] [Server thread/INFO]: Using epoll channel type
[17:24:09] [Server thread/WARN]: **** SERVER IS RUNNING IN OFFLINE/INSECURE MODE!
[17:24:09] [Server thread/WARN]: The server will make no attempt to authenticate usernames. Beware.
[17:24:09] [Server thread/WARN]: While this makes the game possible to play without internet access, it also opens up the ability for hackers to connect with any username they choose.
[17:24:09] [Server thread/WARN]: To change this, set "online-mode" to "true" in the server.properties file.
[17:24:09] [Server thread/INFO]: Preparing level "world"
[17:24:17] [Server thread/INFO]: Preparing start region for dimension minecraft:overworld
[17:24:18] [Worker-Main-1/INFO]: Preparing spawn area: 0%
[17:24:18] [Worker-Main-1/INFO]: Preparing spawn area: 0%
[17:24:18] [Worker-Main-1/INFO]: Preparing spawn area: 0%
[17:24:19] [Server thread/INFO]: Time elapsed: 1543 ms
[17:24:19] [Server thread/INFO]: Done (10.019s)! For help, type "help"
[17:26:39] [Server thread/INFO]: Whiter_YT2[/127.252.29.119:45735] logged in with entity id 13 at (842.5087407366476, 63.0, -408.41532348000254)
[17:26:39] [Server thread/INFO]: Whiter_YT2 joined the game
[18:02:39] [Server thread/WARN]: Can't keep up! Is the server overloaded? Running 2568ms or 51 ticks behind
[18:05:18] [Server thread/INFO]: juank18sv[/127.53.75.47:54199] logged in with entity id 15482 at (256.9590658927793, 34.0, -24.532792221450123)
[18:05:18] [Server thread/INFO]: juank18sv joined the game
[18:08:51] [Server thread/INFO]: Whiter_YT2 lost connection: Disconnected
[18:08:51] [Server thread/INFO]: Whiter_YT2 left the game
[18:09:16] [Server thread/INFO]: Whiter_YT2[/127.252.29.119:54873] logged in with entity id 17199 at (-2514.7211726520763, 78.0, 705.917186859993)
[18:09:16] [Server thread/INFO]: Whiter_YT2 joined the game
[18:21:15] [Server thread/INFO]: juank18sv was doomed to fall by Zombie
[18:21:16] [Server thread/INFO]: juank18sv lost connection: Disconnected
[18:21:16] [Server thread/INFO]: juank18sv left the game
[18:21:28] [Server thread/INFO]: juank18sv[/127.53.75.47:56075] logged in with entity id 25473 at (247.53188598919374, 49.0, -105.69999998807907)
[18:21:28] [Server thread/INFO]: juank18sv joined the game
[18:22:32] [Server thread/INFO]: juank18sv lost connection: Disconnected
[18:22:32] [Server thread/INFO]: juank18sv left the game
[18:22:38] [Server thread/INFO]: juank18sv[/127.53.75.47:57625] logged in with entity id 26910 at (245.22936438116452, 52.72906941194748, -105.68217583534063)
[18:22:38] [Server thread/INFO]: juank18sv joined the game
[18:26:38] [Server thread/INFO]: Asland[/127.53.75.47:50463] logged in with entity id 29317 at (-21.5, 66.0, -57.5)
[18:26:38] [Server thread/INFO]: Asland joined the game
[18:27:03] [Server thread/INFO]: Asland has made the advancement [We Need to Go Deeper]
[18:27:06] [Server thread/INFO]: Asland was doomed to fall by Skeleton
[18:27:36] [Server thread/INFO]: Asland was doomed to fall by Skeleton
[18:27:45] [Server thread/INFO]: [Not Secure] <Whiter_YT2> loco
[18:28:03] [Server thread/INFO]: Asland was shot by Skeleton
[18:28:57] [Server thread/INFO]: Asland tried to swim in lava to escape Skeleton
[18:30:15] [Server thread/INFO]: [Not Secure] <Whiter_YT2> loco
[18:31:13] [Server thread/INFO]: [Not Secure] <Whiter_YT2> bro
